PHP Fatal error:  Uncaught dml_connection_exception: <p>Error: Database connection failed</p>
<p>It is possible that the database is overloaded or otherwise not running properly.</p>
<p>The site administrator should also check that the database details have been correctly specified in config.php</p> in /var/www/html/moodle/lib/dml/mysqli_native_moodle_database.php:519
Stack trace:
#0 /var/www/html/moodle/lib/dmllib.php(344): mysqli_native_moodle_database->connect('localhost', 'moodle-owner', 'Moodle@123', 'moodle', 'mdl_', Array)
#1 /var/www/html/moodle/lib/setup.php(615): setup_DB()
#2 /var/www/html/moodle/config.php(39): require_once('/var/www/html/m...')
#3 Command line code(1): include('/var/www/html/m...')
#4 {main}
  thrown in /var/www/html/moodle/lib/dml/mysqli_native_moodle_database.php on line 519
child_process.js:634
    throw err;
    ^

Error: Command failed: php -r 'define("CLI_SCRIPT", true); include("/var/www/html/moodle/config.php"); print json_encode($CFG);'
PHP Fatal error:  Uncaught dml_connection_exception: <p>Error: Database connection failed</p>
<p>It is possible that the database is overloaded or otherwise not running properly.</p>
<p>The site administrator should also check that the database details have been correctly specified in config.php</p> in /var/www/html/moodle/lib/dml/mysqli_native_moodle_database.php:519
Stack trace:
#0 /var/www/html/moodle/lib/dmllib.php(344): mysqli_native_moodle_database->connect('localhost', 'moodle-owner', 'Moodle@123', 'moodle', 'mdl_', Array)
#1 /var/www/html/moodle/lib/setup.php(615): setup_DB()
#2 /var/www/html/moodle/config.php(39): require_once('/var/www/html/m...')
#3 Command line code(1): include('/var/www/html/m...')
#4 {main}
  thrown in /var/www/html/moodle/lib/dml/mysqli_native_moodle_database.php on line 519

    at checkExecSyncError (child_process.js:591:13)
    at Object.execSync (child_process.js:631:13)
    at Object.<anonymous> (/var/www/html/moodle/mod/quiz/accessrule/heartbeatmonitor/server.js:42:38)
    at Module._compile (module.js:624:30)
    at Object.Module._extensions..js (module.js:635:10)
    at Module.load (module.js:545:32)
    at tryModuleLoad (module.js:508:12)
    at Function.Module._load (module.js:500:3)
    at Function.Module.runMain (module.js:665:10)
    at startup (bootstrap_node.js:201:16)
